2024-06-17 20:36:11,088 : kivy : deps: Successfully imported "kivy_deps.gstreamer" 0.3.3
2024-06-17 20:36:11,088 : kivy : deps: Successfully imported "kivy_deps.angle" 0.3.3
2024-06-17 20:36:11,088 : kivy : deps: Successfully imported "kivy_deps.glew" 0.3.1
2024-06-17 20:36:11,088 : kivy : deps: Successfully imported "kivy_deps.sdl2" 0.6.0
2024-06-17 20:36:11,088 : kivy : Kivy: v2.2.1
2024-06-17 20:36:11,088 : kivy : Kivy: Installed at "C:\Users\lisas\AppData\Local\Packages\PythonSoftwareFoundation.Python.3.11_qbz5n2kfra8p0\LocalCache\local-packages\Python311\site-packages\kivy\__init__.py"
2024-06-17 20:36:11,088 : kivy : Python: v3.11.9 (tags/v3.11.9:de54cf5, Apr  2 2024, 10:12:12) [MSC v.1938 64 bit (AMD64)]
2024-06-17 20:36:11,088 : kivy : Python: Interpreter at "C:\Users\lisas\AppData\Local\Microsoft\WindowsApps\PythonSoftwareFoundation.Python.3.11_qbz5n2kfra8p0\python.exe"
2024-06-17 20:36:11,104 : kivy : Factory: 190 symbols loaded
2024-06-17 20:36:11,240 : kivy : ImageLoaderFFPy: Using ffpyplayer 4.5.1
2024-06-17 20:36:11,241 : kivy : Image: Providers: img_tex, img_dds, img_sdl2, img_pil, img_ffpyplayer 
2024-06-17 20:36:11,914 : kivy : VideoGstplayer: Using Gstreamer 1.18.5.0
2024-06-17 20:36:11,914 : kivy : Video: Provider: gstplayer
2024-06-17 20:36:11,938 : root : Loading MPF-MC controller
2024-06-17 20:36:11,941 : YamlMultifileConfigLoader : Machine config file #1: config
2024-06-17 20:36:11,942 : ConfigProcessor : Config file in cache changed: C:\pinball\greatest_showman\config\config
2024-06-17 20:36:11,942 : ConfigProcessor : Loading config from file C:\Users\lisas\AppData\Local\Packages\PythonSoftwareFoundation.Python.3.11_qbz5n2kfra8p0\LocalCache\local-packages\Python311\site-packages\mpfmc\mcconfig.yaml.
2024-06-17 20:36:11,951 : ConfigProcessor : Loading config: C:\Users\lisas\AppData\Local\Packages\PythonSoftwareFoundation.Python.3.11_qbz5n2kfra8p0\LocalCache\local-packages\Python311\site-packages\mpfmc\mcconfig.yaml
2024-06-17 20:36:11,952 : ConfigProcessor : Loading config from file C:\pinball\greatest_showman\config\config.
2024-06-17 20:36:11,953 : ConfigProcessor : Loading config: C:\pinball\greatest_showman\config\config
2024-06-17 20:36:11,954 : ConfigProcessor : Config file cache created: C:\Users\lisas\AppData\Local\Temp\05e162f6648be6f618b4139facd4413e.mpf_cache
2024-06-17 20:36:11,955 : ConfigProcessor : Loading config from cache: C:\Users\lisas\AppData\Local\Temp\59e27ec4283b25a8181e590d80956807.mpf_cache
2024-06-17 20:36:11,955 : ConfigProcessor : Loading config from cache: C:\Users\lisas\AppData\Local\Temp\6bac8aad2a108e0027ae5775410f0221.mpf_cache
2024-06-17 20:36:11,956 : mpfmc : Mission Pinball Framework Media Controller (MPF-MC) v0.57.0. Requires MPF v0.57.0 or newer.
2024-06-17 20:36:11,956 : mpfmc : Found MPF v0.57.1
2024-06-17 20:36:11,956 : mpfmc : Machine path: C:\pinball\greatest_showman
2024-06-17 20:36:11,957 : mpfmc : Starting clock at 60.0Hz
2024-06-17 20:36:11,968 : kivy : Text: Provider: sdl2
2024-06-17 20:36:12,002 : kivy : Window: Provider: sdl2
2024-06-17 20:36:12,116 : kivy : GL: Using the "OpenGL" graphics system
2024-06-17 20:36:12,117 : kivy : GL: GLEW initialization succeeded
2024-06-17 20:36:12,117 : kivy : GL: Backend used <glew>
2024-06-17 20:36:12,118 : kivy : GL: OpenGL version <b'4.6.0 - Build 30.0.101.3111'>
2024-06-17 20:36:12,118 : kivy : GL: OpenGL vendor <b'Intel'>
2024-06-17 20:36:12,118 : kivy : GL: OpenGL renderer <b'Intel(R) UHD Graphics 630'>
2024-06-17 20:36:12,118 : kivy : GL: OpenGL parsed version: 4, 6
2024-06-17 20:36:12,119 : kivy : GL: Shading version <b'4.60 - Build 30.0.101.3111'>
2024-06-17 20:36:12,119 : kivy : GL: Texture max size <16384>
2024-06-17 20:36:12,119 : kivy : GL: Texture max units <32>
2024-06-17 20:36:12,171 : kivy : Window: auto add sdl2 input provider
2024-06-17 20:36:12,172 : kivy : Window: virtual keyboard not allowed, single mode, not docked
2024-06-17 20:36:12,180 : SoundSystem : SoundSystem: Using default 'sound_system' settings
2024-06-17 20:36:12,642 : AudioInterface : Initialized
2024-06-17 20:36:12,642 : AudioInterface : Loaded SDL 2.26.4
2024-06-17 20:36:12,643 : AudioInterface : Loaded SDL_Mixer 2.6.3
2024-06-17 20:36:12,643 : AudioInterface : Loaded GStreamer 1.18.5.0
2024-06-17 20:36:12,643 : AudioInterface : Loaded GLib 2.62.6
2024-06-17 20:36:12,643 : AudioInterface : Settings requested - rate: 44100, channels: 1, buffer: 2048 samples
2024-06-17 20:36:12,643 : AudioInterface : Settings in use - rate: 44100, channels: 1, buffer: 2048 samples (4096 bytes @ 2 bytes per sample)
2024-06-17 20:36:12,644 : SoundSystem : No audio tracks are specified in your machine config file. a track named 'default' has been created.
2024-06-17 20:36:12,644 : SoundSystem : Setting master volume to 0.0
2024-06-17 20:36:12,644 : AudioInterface : Enabling audio playback
2024-06-17 20:36:12,646 : kivy : Base: Start application main loop
2024-06-17 20:36:12,647 : EventManager : Event: ======'display_window_initialized'====== Args={}
2024-06-17 20:36:12,662 : mpfmc : Display: Setting 'window' as default display
2024-06-17 20:36:12,667 : EventManager : Event: ======'displays_initialized'====== Args={}
2024-06-17 20:36:12,668 : EventManager : Event: ======'slide_window_blank_created'====== Args={}
2024-06-17 20:36:12,668 : EventManager : Event: ======'display_window_ready'====== Args={}
2024-06-17 20:36:12,679 : EventManager : Event: ======'init_phase_1'====== Args={}
2024-06-17 20:36:12,681 : kivy : Base: Leaving application in progress...
2024-06-17 20:36:12,682 : root : Exception while processing RegisteredHandler(callback=<bound method ConfigCollection.create_entries_from_root_config of {'window_blank': {'debug': False, 'expire': None, 'background_color': [0.0, 0.0, 0.0, 1.0], 'opacity': 1.0}, 'dmd_gamma_test': {'widgets': [{'type': 'text', 'text': 'DMD GAMMA TEST', 'style': ['small'], 'y': '4', 'anchor_x': 'left', 'x': '2', '_default_settings': [], 'anchor_y': 'center', 'round_anchor_x': None, 'round_anchor_y': None, 'opacity': 1.0, 'z': 0, 'reset_animations_events': {}, 'color': [1.0, 1.0, 1.0, 1.0], 'adjust_top': 0, 'adjust_bottom': 0, 'adjust_left': 0, 'adjust_right': 0, 'expire': None, 'key': None, 'widget': None, 'events_when_added': [], 'events_when_removed': [], 'font_size': 15, 'bitmap_font': False, 'font_kerning': True, 'bold': False, 'italic': False, 'number_grouping': False, 'min_digits': 0, 'halign': 'center', 'valign': 'middle', 'rotation': 0, 'scale': 1.0, 'casing': None, 'outline_color': [1.0, 1.0, 1.0, 1.0], 'outline_width': 0, 'animations': None}, {'type': 'rectangle', 'width': 8.0, 'height': 32.0, 'color': None, 'x': '4', '_default_settings': [], 'y': None, 'anchor_x': 'center', 'anchor_y': 'center', 'round_anchor_x': None, 'round_anchor_y': None, 'opacity': 1.0, 'z': 0, 'reset_animations_events': {}, 'style': [], 'adjust_top': 0, 'adjust_bottom': 0, 'adjust_left': 0, 'adjust_right': 0, 'expire': None, 'key': None, 'widget': None, 'events_when_added': [], 'events_when_removed': [], 'corner_radius': 0, 'corner_segments': 10, 'rotation': 0, 'scale': 1.0, 'animations': None}, {'type': 'rectangle', 'width': 8.0, 'height': 32.0, 'color': [0.12156862745098039, 0.12156862745098039, 0.12156862745098039, 1], 'x': '12', '_default_settings': [], 'y': None, 'anchor_x': 'center', 'anchor_y': 'center', 'round_anchor_x': None, 'round_anchor_y': None, 'opacity': 1.0, 'z': 0, 'reset_animations_events': {}, 'style': [], 'adjust_top': 0, 'adjust_bottom': 0, 'adjust_left': 0, 'adjust_right': 0, 'expire': None, 'key': None, 'widget': None, 'events_when_added': [], 'events_when_removed': [], 'corner_radius': 0, 'corner_segments': 10, 'rotation': 0, 'scale': 1.0, 'animations': None}, {'type': 'rectangle', 'width': 8.0, 'height': 32.0, 'color': [0.1843137254901961, 0.1843137254901961, 0.1843137254901961, 1], 'x': '20', '_default_settings': [], 'y': None, 'anchor_x': 'center', 'anchor_y': 'center', 'round_anchor_x': None, 'round_anchor_y': None, 'opacity': 1.0, 'z': 0, 'reset_animations_events': {}, 'style': [], 'adjust_top': 0, 'adjust_bottom': 0, 'adjust_left': 0, 'adjust_right': 0, 'expire': None, 'key': None, 'widget': None, 'events_when_added': [], 'events_when_removed': [], 'corner_radius': 0, 'corner_segments': 10, 'rotation': 0, 'scale': 1.0, 'animations': None}, {'type': 'rectangle', 'width': 8.0, 'height': 32.0, 'color': [0.24705882352941178, 0.24705882352941178, 0.24705882352941178, 1], 'x': '28', '_default_settings': [], 'y': None, 'anchor_x': 'center', 'anchor_y': 'center', 'round_anchor_x': None, 'round_anchor_y': None, 'opacity': 1.0, 'z': 0, 'reset_animations_events': {}, 'style': [], 'adjust_top': 0, 'adjust_bottom': 0, 'adjust_left': 0, 'adjust_right': 0, 'expire': None, 'key': None, 'widget': None, 'events_when_added': [], 'events_when_removed': [], 'corner_radius': 0, 'corner_segments': 10, 'rotation': 0, 'scale': 1.0, 'animations': None}, {'type': 'rectangle', 'width': 8.0, 'height': 32.0, 'color': [0.30980392156862746, 0.30980392156862746, 0.30980392156862746, 1], 'x': '36', '_default_settings': [], 'y': None, 'anchor_x': 'center', 'anchor_y': 'center', 'round_anchor_x': None, 'round_anchor_y': None, 'opacity': 1.0, 'z': 0, 'reset_animations_events': {}, 'style': [], 'adjust_top': 0, 'adjust_bottom': 0, 'adjust_left': 0, 'adjust_right': 0, 'expire': None, 'key': None, 'widget': None, 'events_when_added': [], 'events_when_removed': [], 'corner_radius': 0, 'corner_segments': 10, 'rotation': 0, 'scale': 1.0, 'animations': None}, {'type': 'rectangle', 'width': 8.0, 'height': 32.0, 'color': [0.37254901960784315, 0.37254901960784315, 0.37254901960784315, 1], 'x': '44', '_default_settings': [], 'y': None, 'anchor_x': 'center', 'anchor_y': 'center', 'round_anchor_x': None, 'round_anchor_y': None, 'opacity': 1.0, 'z': 0, 'reset_animations_events': {}, 'style': [], 'adjust_top': 0, 'adjust_bottom': 0, 'adjust_left': 0, 'adjust_right': 0, 'expire': None, 'key': None, 'widget': None, 'events_when_added': [], 'events_when_removed': [], 'corner_radius': 0, 'corner_segments': 10, 'rotation': 0, 'scale': 1.0, 'animations': None}, {'type': 'rectangle', 'width': 8.0, 'height': 32.0, 'color': [0.43529411764705883, 0.43529411764705883, 0.43529411764705883, 1], 'x': '52', '_default_settings': [], 'y': None, 'anchor_x': 'center', 'anchor_y': 'center', 'round_anchor_x': None, 'round_anchor_y': None, 'opacity': 1.0, 'z': 0, 'reset_animations_events': {}, 'style': [], 'adjust_top': 0, 'adjust_bottom': 0, 'adjust_left': 0, 'adjust_right': 0, 'expire': None, 'key': None, 'widget': None, 'events_when_added': [], 'events_when_removed': [], 'corner_radius': 0, 'corner_segments': 10, 'rotation': 0, 'scale': 1.0, 'animations': None}, {'type': 'rectangle', 'width': 8.0, 'height': 32.0, 'color': [0.4980392156862745, 0.4980392156862745, 0.4980392156862745, 1], 'x': '60', '_default_settings': [], 'y': None, 'anchor_x': 'center', 'anchor_y': 'center', 'round_anchor_x': None, 'round_anchor_y': None, 'opacity': 1.0, 'z': 0, 'reset_animations_events': {}, 'style': [], 'adjust_top': 0, 'adjust_bottom': 0, 'adjust_left': 0, 'adjust_right': 0, 'expire': None, 'key': None, 'widget': None, 'events_when_added': [], 'events_when_removed': [], 'corner_radius': 0, 'corner_segments': 10, 'rotation': 0, 'scale': 1.0, 'animations': None}, {'type': 'rectangle', 'width': 8.0, 'height': 32.0, 'color': [0.5607843137254902, 0.5607843137254902, 0.5607843137254902, 1], 'x': '68', '_default_settings': [], 'y': None, 'anchor_x': 'center', 'anchor_y': 'center', 'round_anchor_x': None, 'round_anchor_y': None, 'opacity': 1.0, 'z': 0, 'reset_animations_events': {}, 'style': [], 'adjust_top': 0, 'adjust_bottom': 0, 'adjust_left': 0, 'adjust_right': 0, 'expire': None, 'key': None, 'widget': None, 'events_when_added': [], 'events_when_removed': [], 'corner_radius': 0, 'corner_segments': 10, 'rotation': 0, 'scale': 1.0, 'animations': None}, {'type': 'rectangle', 'width': 8.0, 'height': 32.0, 'color': [0.6235294117647059, 0.6235294117647059, 0.6235294117647059, 1], 'x': '76', '_default_settings': [], 'y': None, 'anchor_x': 'center', 'anchor_y': 'center', 'round_anchor_x': None, 'round_anchor_y': None, 'opacity': 1.0, 'z': 0, 'reset_animations_events': {}, 'style': [], 'adjust_top': 0, 'adjust_bottom': 0, 'adjust_left': 0, 'adjust_right': 0, 'expire': None, 'key': None, 'widget': None, 'events_when_added': [], 'events_when_removed': [], 'corner_radius': 0, 'corner_segments': 10, 'rotation': 0, 'scale': 1.0, 'animations': None}, {'type': 'rectangle', 'width': 8.0, 'height': 32.0, 'color': [0.6862745098039216, 0.6862745098039216, 0.6862745098039216, 1], 'x': '84', '_default_settings': [], 'y': None, 'anchor_x': 'center', 'anchor_y': 'center', 'round_anchor_x': None, 'round_anchor_y': None, 'opacity': 1.0, 'z': 0, 'reset_animations_events': {}, 'style': [], 'adjust_top': 0, 'adjust_bottom': 0, 'adjust_left': 0, 'adjust_right': 0, 'expire': None, 'key': None, 'widget': None, 'events_when_added': [], 'events_when_removed': [], 'corner_radius': 0, 'corner_segments': 10, 'rotation': 0, 'scale': 1.0, 'animations': None}, {'type': 'rectangle', 'width': 8.0, 'height': 32.0, 'color': [0.7490196078431373, 0.7490196078431373, 0.7490196078431373, 1], 'x': '92', '_default_settings': [], 'y': None, 'anchor_x': 'center', 'anchor_y': 'center', 'round_anchor_x': None, 'round_anchor_y': None, 'opacity': 1.0, 'z': 0, 'reset_animations_events': {}, 'style': [], 'adjust_top': 0, 'adjust_bottom': 0, 'adjust_left': 0, 'adjust_right': 0, 'expire': None, 'key': None, 'widget': None, 'events_when_added': [], 'events_when_removed': [], 'corner_radius': 0, 'corner_segments': 10, 'rotation': 0, 'scale': 1.0, 'animations': None}, {'type': 'rectangle', 'width': 8.0, 'height': 32.0, 'color': [0.8117647058823529, 0.8117647058823529, 0.8117647058823529, 1], 'x': '100', '_default_settings': [], 'y': None, 'anchor_x': 'center', 'anchor_y': 'center', 'round_anchor_x': None, 'round_anchor_y': None, 'opacity': 1.0, 'z': 0, 'reset_animations_events': {}, 'style': [], 'adjust_top': 0, 'adjust_bottom': 0, 'adjust_left': 0, 'adjust_right': 0, 'expire': None, 'key': None, 'widget': None, 'events_when_added': [], 'events_when_removed': [], 'corner_radius': 0, 'corner_segments': 10, 'rotation': 0, 'scale': 1.0, 'animations': None}, {'type': 'rectangle', 'width': 8.0, 'height': 32.0, 'color': [0.8745098039215686, 0.8745098039215686, 0.8745098039215686, 1], 'x': '108', '_default_settings': [], 'y': None, 'anchor_x': 'center', 'anchor_y': 'center', 'round_anchor_x': None, 'round_anchor_y': None, 'opacity': 1.0, 'z': 0, 'reset_animations_events': {}, 'style': [], 'adjust_top': 0, 'adjust_bottom': 0, 'adjust_left': 0, 'adjust_right': 0, 'expire': None, 'key': None, 'widget': None, 'events_when_added': [], 'events_when_removed': [], 'corner_radius': 0, 'corner_segments': 10, 'rotation': 0, 'scale': 1.0, 'animations': None}, {'type': 'rectangle', 'width': 8.0, 'height': 32.0, 'color': [0.9372549019607843, 0.9372549019607843, 0.9372549019607843, 1], 'x': '116', '_default_settings': [], 'y': None, 'anchor_x': 'center', 'anchor_y': 'center', 'round_anchor_x': None, 'round_anchor_y': None, 'opacity': 1.0, 'z': 0, 'reset_animations_events': {}, 'style': [], 'adjust_top': 0, 'adjust_bottom': 0, 'adjust_left': 0, 'adjust_right': 0, 'expire': None, 'key': None, 'widget': None, 'events_when_added': [], 'events_when_removed': [], 'corner_radius': 0, 'corner_segments': 10, 'rotation': 0, 'scale': 1.0, 'animations': None}, {'type': 'rectangle', 'width': 8.0, 'height': 32.0, 'color': [1.0, 1.0, 1.0, 1], 'x': '124', '_default_settings': [], 'y': None, 'anchor_x': 'center', 'anchor_y': 'center', 'round_anchor_x': None, 'round_anchor_y': None, 'opacity': 1.0, 'z': 0, 'reset_animations_events': {}, 'style': [], 'adjust_top': 0, 'adjust_bottom': 0, 'adjust_left': 0, 'adjust_right': 0, 'expire': None, 'key': None, 'widget': None, 'events_when_added': [], 'events_when_removed': [], 'corner_radius': 0, 'corner_segments': 10, 'rotation': 0, 'scale': 1.0, 'animations': None}], 'debug': False, 'expire': None, 'background_color': [0.0, 0.0, 0.0, 1.0], 'opacity': 1.0, 'transition': None, 'transition_out': None}, 'welcome_slide': {'widgets': [{'type': 'text', 'text': 'PINBALL!', 'font_size': 50, 'color': [1.0, 0.0, 0.0, 1], '_default_settings': ['font_size', 'color'], 'x': None, 'y': None, 'anchor_x': 'center', 'anchor_y': 'center', 'round_anchor_x': None, 'round_anchor_y': None, 'opacity': 1.0, 'z': 0, 'reset_animations_events': {}, 'style': [], 'adjust_top': 0, 'adjust_bottom': 0, 'adjust_left': 0, 'adjust_right': 0, 'expire': None, 'key': None, 'widget': None, 'events_when_added': [], 'events_when_removed': [], 'bitmap_font': False, 'font_kerning': True, 'bold': False, 'italic': False, 'number_grouping': False, 'min_digits': 0, 'halign': 'center', 'valign': 'middle', 'rotation': 0, 'scale': 1.0, 'casing': None, 'outline_color': [1.0, 1.0, 1.0, 1.0], 'outline_width': 0, 'animations': None}, {'type': 'rectangle', 'width': 240.0, 'height': 60.0, '_default_settings': [], 'x': None, 'y': None, 'anchor_x': 'center', 'anchor_y': 'center', 'round_anchor_x': None, 'round_anchor_y': None, 'opacity': 1.0, 'z': 0, 'reset_animations_events': {}, 'color': [1.0, 1.0, 1.0, 1.0], 'style': [], 'adjust_top': 0, 'adjust_bottom': 0, 'adjust_left': 0, 'adjust_right': 0, 'expire': None, 'key': None, 'widget': None, 'events_when_added': [], 'events_when_removed': [], 'corner_radius': 0, 'corner_segments': 10, 'rotation': 0, 'scale': 1.0, 'animations': None}], 'debug': False, 'expire': None, 'background_color': [0.0, 0.0, 0.0, 1.0], 'opacity': 1.0, 'transition': None, 'transition_out': None}, 'attract_started': {'widgets': [{'text': 'ATTRACT MODE', 'type': 'text', '_default_settings': [], 'x': None, 'y': None, 'anchor_x': 'center', 'anchor_y': 'center', 'round_anchor_x': None, 'round_anchor_y': None, 'opacity': 1.0, 'z': 0, 'reset_animations_events': {}, 'color': [1.0, 1.0, 1.0, 1.0], 'style': [], 'adjust_top': 0, 'adjust_bottom': 0, 'adjust_left': 0, 'adjust_right': 0, 'expire': None, 'key': None, 'widget': None, 'events_when_added': [], 'events_when_removed': [], 'font_size': 15, 'bitmap_font': False, 'font_kerning': True, 'bold': False, 'italic': False, 'number_grouping': False, 'min_digits': 0, 'halign': 'center', 'valign': 'middle', 'rotation': 0, 'scale': 1.0, 'casing': None, 'outline_color': [1.0, 1.0, 1.0, 1.0], 'outline_width': 0, 'animations': None}], 'debug': False, 'expire': None, 'background_color': [0.0, 0.0, 0.0, 1.0], 'opacity': 1.0, 'transition': None, 'transition_out': None}}>, priority=1, kwargs={}, key=UUID('15e36ba7-a00b-4546-b1ba-64282a038b33'), condition=None, blocking_facility=None) for event init_phase_1. Invalid widget config: {'init_done': 'welcome_slide', 'mode_attract_started': 'attract_started test advance_time_and_run .5 assert_slide_on_top attract_started assert_text_on_top_slide "ATTRACT MODE" start_game post show_slide_event advance_time_and_run .5 assert_slide_active welcome_slide'}
Traceback (most recent call last):
  File "C:\Users\lisas\AppData\Local\Packages\PythonSoftwareFoundation.Python.3.11_qbz5n2kfra8p0\LocalCache\local-packages\Python311\site-packages\mpfmc\config_collections\widget.py", line 64, in process_widget
    widget_cls = WidgetCollection.type_map[config['type']]
                                           ~~~~~~^^^^^^^^
KeyError: 'type'

During handling of the above exception, another exception occurred:

Traceback (most recent call last):
  File "C:\Users\lisas\AppData\Local\Packages\PythonSoftwareFoundation.Python.3.11_qbz5n2kfra8p0\LocalCache\local-packages\Python311\site-packages\mpfmc\config_collections\widget.py", line 71, in process_widget
    config['type']))
    ~~~~~~^^^^^^^^
KeyError: 'type'

During handling of the above exception, another exception occurred:

Traceback (most recent call last):
  File "C:\Users\lisas\AppData\Local\Packages\PythonSoftwareFoundation.Python.3.11_qbz5n2kfra8p0\LocalCache\local-packages\Python311\site-packages\mpf\core\events.py", line 755, in _run_handlers
    result = handler.callback(**merged_kwargs)
             ^^^^^^^^^^^^^^^^^^^^^^^^^^^^^^^^^
  File "C:\Users\lisas\AppData\Local\Packages\PythonSoftwareFoundation.Python.3.11_qbz5n2kfra8p0\LocalCache\local-packages\Python311\site-packages\mpfmc\core\config_collection.py", line 46, in create_entries_from_root_config
    self.create_entries(self.machine.machine_config[self.config_section])
  File "C:\Users\lisas\AppData\Local\Packages\PythonSoftwareFoundation.Python.3.11_qbz5n2kfra8p0\LocalCache\local-packages\Python311\site-packages\mpfmc\core\config_collection.py", line 57, in create_entries
    self[name] = self.process_config(settings)
                 ^^^^^^^^^^^^^^^^^^^^^^^^^^^^^
  File "C:\Users\lisas\AppData\Local\Packages\PythonSoftwareFoundation.Python.3.11_qbz5n2kfra8p0\LocalCache\local-packages\Python311\site-packages\mpfmc\config_collections\slide.py", line 33, in process_config
    config['widgets'][i] = self.mc.widgets.process_widget(widget)
                           ^^^^^^^^^^^^^^^^^^^^^^^^^^^^^^^^^^^^^^
  File "C:\Users\lisas\AppData\Local\Packages\PythonSoftwareFoundation.Python.3.11_qbz5n2kfra8p0\LocalCache\local-packages\Python311\site-packages\mpfmc\config_collections\widget.py", line 73, in process_widget
    raise ValueError("Invalid widget config: {}".format(config))
ValueError: Invalid widget config: {'init_done': 'welcome_slide', 'mode_attract_started': 'attract_started test advance_time_and_run .5 assert_slide_on_top attract_started assert_text_on_top_slide "ATTRACT MODE" start_game post show_slide_event advance_time_and_run .5 assert_slide_active welcome_slide'}

The above exception was the direct cause of the following exception:

Traceback (most recent call last):
  File "C:\Users\lisas\AppData\Local\Packages\PythonSoftwareFoundation.Python.3.11_qbz5n2kfra8p0\LocalCache\local-packages\Python311\site-packages\mpfmc\commands\mc.py", line 217, in __init__
    thread_stopper=thread_stopper).run()
                                   ^^^^^
  File "C:\Users\lisas\AppData\Local\Packages\PythonSoftwareFoundation.Python.3.11_qbz5n2kfra8p0\LocalCache\local-packages\Python311\site-packages\kivy\app.py", line 956, in run
    runTouchApp()
  File "C:\Users\lisas\AppData\Local\Packages\PythonSoftwareFoundation.Python.3.11_qbz5n2kfra8p0\LocalCache\local-packages\Python311\site-packages\kivy\base.py", line 574, in runTouchApp
    EventLoop.mainloop()
  File "C:\Users\lisas\AppData\Local\Packages\PythonSoftwareFoundation.Python.3.11_qbz5n2kfra8p0\LocalCache\local-packages\Python311\site-packages\kivy\base.py", line 339, in mainloop
    self.idle()
  File "C:\Users\lisas\AppData\Local\Packages\PythonSoftwareFoundation.Python.3.11_qbz5n2kfra8p0\LocalCache\local-packages\Python311\site-packages\kivy\base.py", line 379, in idle
    Clock.tick()
  File "C:\Users\lisas\AppData\Local\Packages\PythonSoftwareFoundation.Python.3.11_qbz5n2kfra8p0\LocalCache\local-packages\Python311\site-packages\kivy\clock.py", line 733, in tick
    self.post_idle(ts, self.idle())
  File "C:\Users\lisas\AppData\Local\Packages\PythonSoftwareFoundation.Python.3.11_qbz5n2kfra8p0\LocalCache\local-packages\Python311\site-packages\kivy\clock.py", line 776, in post_idle
    self._process_events()
  File "kivy\_clock.pyx", line 620, in kivy._clock.CyClockBase._process_events
  File "kivy\_clock.pyx", line 653, in kivy._clock.CyClockBase._process_events
  File "kivy\_clock.pyx", line 649, in kivy._clock.CyClockBase._process_events
  File "kivy\_clock.pyx", line 218, in kivy._clock.ClockEvent.tick
  File "C:\Users\lisas\AppData\Local\Packages\PythonSoftwareFoundation.Python.3.11_qbz5n2kfra8p0\LocalCache\local-packages\Python311\site-packages\mpfmc\uix\display.py", line 211, in _displays_initialized
    self.mc.displays_initialized()
  File "C:\Users\lisas\AppData\Local\Packages\PythonSoftwareFoundation.Python.3.11_qbz5n2kfra8p0\LocalCache\local-packages\Python311\site-packages\mpfmc\core\mc.py", line 347, in displays_initialized
    self._init()
  File "C:\Users\lisas\AppData\Local\Packages\PythonSoftwareFoundation.Python.3.11_qbz5n2kfra8p0\LocalCache\local-packages\Python311\site-packages\mpfmc\core\mc.py", line 372, in _init
    self.events.process_event_queue()
  File "C:\Users\lisas\AppData\Local\Packages\PythonSoftwareFoundation.Python.3.11_qbz5n2kfra8p0\LocalCache\local-packages\Python311\site-packages\mpf\core\events.py", line 846, in process_event_queue
    self._process_event(event=event[0],
  File "C:\Users\lisas\AppData\Local\Packages\PythonSoftwareFoundation.Python.3.11_qbz5n2kfra8p0\LocalCache\local-packages\Python311\site-packages\mpf\core\events.py", line 808, in _process_event
    result = self._run_handlers(event, ev_type, kwargs)
             ^^^^^^^^^^^^^^^^^^^^^^^^^^^^^^^^^^^^^^^^^^
  File "C:\Users\lisas\AppData\Local\Packages\PythonSoftwareFoundation.Python.3.11_qbz5n2kfra8p0\LocalCache\local-packages\Python311\site-packages\mpf\core\events.py", line 757, in _run_handlers
    raise EventHandlerException(
mpf.core.events.EventHandlerException: Exception while processing RegisteredHandler(callback=<bound method ConfigCollection.create_entries_from_root_config of {'window_blank': {'debug': False, 'expire': None, 'background_color': [0.0, 0.0, 0.0, 1.0], 'opacity': 1.0}, 'dmd_gamma_test': {'widgets': [{'type': 'text', 'text': 'DMD GAMMA TEST', 'style': ['small'], 'y': '4', 'anchor_x': 'left', 'x': '2', '_default_settings': [], 'anchor_y': 'center', 'round_anchor_x': None, 'round_anchor_y': None, 'opacity': 1.0, 'z': 0, 'reset_animations_events': {}, 'color': [1.0, 1.0, 1.0, 1.0], 'adjust_top': 0, 'adjust_bottom': 0, 'adjust_left': 0, 'adjust_right': 0, 'expire': None, 'key': None, 'widget': None, 'events_when_added': [], 'events_when_removed': [], 'font_size': 15, 'bitmap_font': False, 'font_kerning': True, 'bold': False, 'italic': False, 'number_grouping': False, 'min_digits': 0, 'halign': 'center', 'valign': 'middle', 'rotation': 0, 'scale': 1.0, 'casing': None, 'outline_color': [1.0, 1.0, 1.0, 1.0], 'outline_width': 0, 'animations': None}, {'type': 'rectangle', 'width': 8.0, 'height': 32.0, 'color': None, 'x': '4', '_default_settings': [], 'y': None, 'anchor_x': 'center', 'anchor_y': 'center', 'round_anchor_x': None, 'round_anchor_y': None, 'opacity': 1.0, 'z': 0, 'reset_animations_events': {}, 'style': [], 'adjust_top': 0, 'adjust_bottom': 0, 'adjust_left': 0, 'adjust_right': 0, 'expire': None, 'key': None, 'widget': None, 'events_when_added': [], 'events_when_removed': [], 'corner_radius': 0, 'corner_segments': 10, 'rotation': 0, 'scale': 1.0, 'animations': None}, {'type': 'rectangle', 'width': 8.0, 'height': 32.0, 'color': [0.12156862745098039, 0.12156862745098039, 0.12156862745098039, 1], 'x': '12', '_default_settings': [], 'y': None, 'anchor_x': 'center', 'anchor_y': 'center', 'round_anchor_x': None, 'round_anchor_y': None, 'opacity': 1.0, 'z': 0, 'reset_animations_events': {}, 'style': [], 'adjust_top': 0, 'adjust_bottom': 0, 'adjust_left': 0, 'adjust_right': 0, 'expire': None, 'key': None, 'widget': None, 'events_when_added': [], 'events_when_removed': [], 'corner_radius': 0, 'corner_segments': 10, 'rotation': 0, 'scale': 1.0, 'animations': None}, {'type': 'rectangle', 'width': 8.0, 'height': 32.0, 'color': [0.1843137254901961, 0.1843137254901961, 0.1843137254901961, 1], 'x': '20', '_default_settings': [], 'y': None, 'anchor_x': 'center', 'anchor_y': 'center', 'round_anchor_x': None, 'round_anchor_y': None, 'opacity': 1.0, 'z': 0, 'reset_animations_events': {}, 'style': [], 'adjust_top': 0, 'adjust_bottom': 0, 'adjust_left': 0, 'adjust_right': 0, 'expire': None, 'key': None, 'widget': None, 'events_when_added': [], 'events_when_removed': [], 'corner_radius': 0, 'corner_segments': 10, 'rotation': 0, 'scale': 1.0, 'animations': None}, {'type': 'rectangle', 'width': 8.0, 'height': 32.0, 'color': [0.24705882352941178, 0.24705882352941178, 0.24705882352941178, 1], 'x': '28', '_default_settings': [], 'y': None, 'anchor_x': 'center', 'anchor_y': 'center', 'round_anchor_x': None, 'round_anchor_y': None, 'opacity': 1.0, 'z': 0, 'reset_animations_events': {}, 'style': [], 'adjust_top': 0, 'adjust_bottom': 0, 'adjust_left': 0, 'adjust_right': 0, 'expire': None, 'key': None, 'widget': None, 'events_when_added': [], 'events_when_removed': [], 'corner_radius': 0, 'corner_segments': 10, 'rotation': 0, 'scale': 1.0, 'animations': None}, {'type': 'rectangle', 'width': 8.0, 'height': 32.0, 'color': [0.30980392156862746, 0.30980392156862746, 0.30980392156862746, 1], 'x': '36', '_default_settings': [], 'y': None, 'anchor_x': 'center', 'anchor_y': 'center', 'round_anchor_x': None, 'round_anchor_y': None, 'opacity': 1.0, 'z': 0, 'reset_animations_events': {}, 'style': [], 'adjust_top': 0, 'adjust_bottom': 0, 'adjust_left': 0, 'adjust_right': 0, 'expire': None, 'key': None, 'widget': None, 'events_when_added': [], 'events_when_removed': [], 'corner_radius': 0, 'corner_segments': 10, 'rotation': 0, 'scale': 1.0, 'animations': None}, {'type': 'rectangle', 'width': 8.0, 'height': 32.0, 'color': [0.37254901960784315, 0.37254901960784315, 0.37254901960784315, 1], 'x': '44', '_default_settings': [], 'y': None, 'anchor_x': 'center', 'anchor_y': 'center', 'round_anchor_x': None, 'round_anchor_y': None, 'opacity': 1.0, 'z': 0, 'reset_animations_events': {}, 'style': [], 'adjust_top': 0, 'adjust_bottom': 0, 'adjust_left': 0, 'adjust_right': 0, 'expire': None, 'key': None, 'widget': None, 'events_when_added': [], 'events_when_removed': [], 'corner_radius': 0, 'corner_segments': 10, 'rotation': 0, 'scale': 1.0, 'animations': None}, {'type': 'rectangle', 'width': 8.0, 'height': 32.0, 'color': [0.43529411764705883, 0.43529411764705883, 0.43529411764705883, 1], 'x': '52', '_default_settings': [], 'y': None, 'anchor_x': 'center', 'anchor_y': 'center', 'round_anchor_x': None, 'round_anchor_y': None, 'opacity': 1.0, 'z': 0, 'reset_animations_events': {}, 'style': [], 'adjust_top': 0, 'adjust_bottom': 0, 'adjust_left': 0, 'adjust_right': 0, 'expire': None, 'key': None, 'widget': None, 'events_when_added': [], 'events_when_removed': [], 'corner_radius': 0, 'corner_segments': 10, 'rotation': 0, 'scale': 1.0, 'animations': None}, {'type': 'rectangle', 'width': 8.0, 'height': 32.0, 'color': [0.4980392156862745, 0.4980392156862745, 0.4980392156862745, 1], 'x': '60', '_default_settings': [], 'y': None, 'anchor_x': 'center', 'anchor_y': 'center', 'round_anchor_x': None, 'round_anchor_y': None, 'opacity': 1.0, 'z': 0, 'reset_animations_events': {}, 'style': [], 'adjust_top': 0, 'adjust_bottom': 0, 'adjust_left': 0, 'adjust_right': 0, 'expire': None, 'key': None, 'widget': None, 'events_when_added': [], 'events_when_removed': [], 'corner_radius': 0, 'corner_segments': 10, 'rotation': 0, 'scale': 1.0, 'animations': None}, {'type': 'rectangle', 'width': 8.0, 'height': 32.0, 'color': [0.5607843137254902, 0.5607843137254902, 0.5607843137254902, 1], 'x': '68', '_default_settings': [], 'y': None, 'anchor_x': 'center', 'anchor_y': 'center', 'round_anchor_x': None, 'round_anchor_y': None, 'opacity': 1.0, 'z': 0, 'reset_animations_events': {}, 'style': [], 'adjust_top': 0, 'adjust_bottom': 0, 'adjust_left': 0, 'adjust_right': 0, 'expire': None, 'key': None, 'widget': None, 'events_when_added': [], 'events_when_removed': [], 'corner_radius': 0, 'corner_segments': 10, 'rotation': 0, 'scale': 1.0, 'animations': None}, {'type': 'rectangle', 'width': 8.0, 'height': 32.0, 'color': [0.6235294117647059, 0.6235294117647059, 0.6235294117647059, 1], 'x': '76', '_default_settings': [], 'y': None, 'anchor_x': 'center', 'anchor_y': 'center', 'round_anchor_x': None, 'round_anchor_y': None, 'opacity': 1.0, 'z': 0, 'reset_animations_events': {}, 'style': [], 'adjust_top': 0, 'adjust_bottom': 0, 'adjust_left': 0, 'adjust_right': 0, 'expire': None, 'key': None, 'widget': None, 'events_when_added': [], 'events_when_removed': [], 'corner_radius': 0, 'corner_segments': 10, 'rotation': 0, 'scale': 1.0, 'animations': None}, {'type': 'rectangle', 'width': 8.0, 'height': 32.0, 'color': [0.6862745098039216, 0.6862745098039216, 0.6862745098039216, 1], 'x': '84', '_default_settings': [], 'y': None, 'anchor_x': 'center', 'anchor_y': 'center', 'round_anchor_x': None, 'round_anchor_y': None, 'opacity': 1.0, 'z': 0, 'reset_animations_events': {}, 'style': [], 'adjust_top': 0, 'adjust_bottom': 0, 'adjust_left': 0, 'adjust_right': 0, 'expire': None, 'key': None, 'widget': None, 'events_when_added': [], 'events_when_removed': [], 'corner_radius': 0, 'corner_segments': 10, 'rotation': 0, 'scale': 1.0, 'animations': None}, {'type': 'rectangle', 'width': 8.0, 'height': 32.0, 'color': [0.7490196078431373, 0.7490196078431373, 0.7490196078431373, 1], 'x': '92', '_default_settings': [], 'y': None, 'anchor_x': 'center', 'anchor_y': 'center', 'round_anchor_x': None, 'round_anchor_y': None, 'opacity': 1.0, 'z': 0, 'reset_animations_events': {}, 'style': [], 'adjust_top': 0, 'adjust_bottom': 0, 'adjust_left': 0, 'adjust_right': 0, 'expire': None, 'key': None, 'widget': None, 'events_when_added': [], 'events_when_removed': [], 'corner_radius': 0, 'corner_segments': 10, 'rotation': 0, 'scale': 1.0, 'animations': None}, {'type': 'rectangle', 'width': 8.0, 'height': 32.0, 'color': [0.8117647058823529, 0.8117647058823529, 0.8117647058823529, 1], 'x': '100', '_default_settings': [], 'y': None, 'anchor_x': 'center', 'anchor_y': 'center', 'round_anchor_x': None, 'round_anchor_y': None, 'opacity': 1.0, 'z': 0, 'reset_animations_events': {}, 'style': [], 'adjust_top': 0, 'adjust_bottom': 0, 'adjust_left': 0, 'adjust_right': 0, 'expire': None, 'key': None, 'widget': None, 'events_when_added': [], 'events_when_removed': [], 'corner_radius': 0, 'corner_segments': 10, 'rotation': 0, 'scale': 1.0, 'animations': None}, {'type': 'rectangle', 'width': 8.0, 'height': 32.0, 'color': [0.8745098039215686, 0.8745098039215686, 0.8745098039215686, 1], 'x': '108', '_default_settings': [], 'y': None, 'anchor_x': 'center', 'anchor_y': 'center', 'round_anchor_x': None, 'round_anchor_y': None, 'opacity': 1.0, 'z': 0, 'reset_animations_events': {}, 'style': [], 'adjust_top': 0, 'adjust_bottom': 0, 'adjust_left': 0, 'adjust_right': 0, 'expire': None, 'key': None, 'widget': None, 'events_when_added': [], 'events_when_removed': [], 'corner_radius': 0, 'corner_segments': 10, 'rotation': 0, 'scale': 1.0, 'animations': None}, {'type': 'rectangle', 'width': 8.0, 'height': 32.0, 'color': [0.9372549019607843, 0.9372549019607843, 0.9372549019607843, 1], 'x': '116', '_default_settings': [], 'y': None, 'anchor_x': 'center', 'anchor_y': 'center', 'round_anchor_x': None, 'round_anchor_y': None, 'opacity': 1.0, 'z': 0, 'reset_animations_events': {}, 'style': [], 'adjust_top': 0, 'adjust_bottom': 0, 'adjust_left': 0, 'adjust_right': 0, 'expire': None, 'key': None, 'widget': None, 'events_when_added': [], 'events_when_removed': [], 'corner_radius': 0, 'corner_segments': 10, 'rotation': 0, 'scale': 1.0, 'animations': None}, {'type': 'rectangle', 'width': 8.0, 'height': 32.0, 'color': [1.0, 1.0, 1.0, 1], 'x': '124', '_default_settings': [], 'y': None, 'anchor_x': 'center', 'anchor_y': 'center', 'round_anchor_x': None, 'round_anchor_y': None, 'opacity': 1.0, 'z': 0, 'reset_animations_events': {}, 'style': [], 'adjust_top': 0, 'adjust_bottom': 0, 'adjust_left': 0, 'adjust_right': 0, 'expire': None, 'key': None, 'widget': None, 'events_when_added': [], 'events_when_removed': [], 'corner_radius': 0, 'corner_segments': 10, 'rotation': 0, 'scale': 1.0, 'animations': None}], 'debug': False, 'expire': None, 'background_color': [0.0, 0.0, 0.0, 1.0], 'opacity': 1.0, 'transition': None, 'transition_out': None}, 'welcome_slide': {'widgets': [{'type': 'text', 'text': 'PINBALL!', 'font_size': 50, 'color': [1.0, 0.0, 0.0, 1], '_default_settings': ['font_size', 'color'], 'x': None, 'y': None, 'anchor_x': 'center', 'anchor_y': 'center', 'round_anchor_x': None, 'round_anchor_y': None, 'opacity': 1.0, 'z': 0, 'reset_animations_events': {}, 'style': [], 'adjust_top': 0, 'adjust_bottom': 0, 'adjust_left': 0, 'adjust_right': 0, 'expire': None, 'key': None, 'widget': None, 'events_when_added': [], 'events_when_removed': [], 'bitmap_font': False, 'font_kerning': True, 'bold': False, 'italic': False, 'number_grouping': False, 'min_digits': 0, 'halign': 'center', 'valign': 'middle', 'rotation': 0, 'scale': 1.0, 'casing': None, 'outline_color': [1.0, 1.0, 1.0, 1.0], 'outline_width': 0, 'animations': None}, {'type': 'rectangle', 'width': 240.0, 'height': 60.0, '_default_settings': [], 'x': None, 'y': None, 'anchor_x': 'center', 'anchor_y': 'center', 'round_anchor_x': None, 'round_anchor_y': None, 'opacity': 1.0, 'z': 0, 'reset_animations_events': {}, 'color': [1.0, 1.0, 1.0, 1.0], 'style': [], 'adjust_top': 0, 'adjust_bottom': 0, 'adjust_left': 0, 'adjust_right': 0, 'expire': None, 'key': None, 'widget': None, 'events_when_added': [], 'events_when_removed': [], 'corner_radius': 0, 'corner_segments': 10, 'rotation': 0, 'scale': 1.0, 'animations': None}], 'debug': False, 'expire': None, 'background_color': [0.0, 0.0, 0.0, 1.0], 'opacity': 1.0, 'transition': None, 'transition_out': None}, 'attract_started': {'widgets': [{'text': 'ATTRACT MODE', 'type': 'text', '_default_settings': [], 'x': None, 'y': None, 'anchor_x': 'center', 'anchor_y': 'center', 'round_anchor_x': None, 'round_anchor_y': None, 'opacity': 1.0, 'z': 0, 'reset_animations_events': {}, 'color': [1.0, 1.0, 1.0, 1.0], 'style': [], 'adjust_top': 0, 'adjust_bottom': 0, 'adjust_left': 0, 'adjust_right': 0, 'expire': None, 'key': None, 'widget': None, 'events_when_added': [], 'events_when_removed': [], 'font_size': 15, 'bitmap_font': False, 'font_kerning': True, 'bold': False, 'italic': False, 'number_grouping': False, 'min_digits': 0, 'halign': 'center', 'valign': 'middle', 'rotation': 0, 'scale': 1.0, 'casing': None, 'outline_color': [1.0, 1.0, 1.0, 1.0], 'outline_width': 0, 'animations': None}], 'debug': False, 'expire': None, 'background_color': [0.0, 0.0, 0.0, 1.0], 'opacity': 1.0, 'transition': None, 'transition_out': None}}>, priority=1, kwargs={}, key=UUID('15e36ba7-a00b-4546-b1ba-64282a038b33'), condition=None, blocking_facility=None) for event init_phase_1. Invalid widget config: {'init_done': 'welcome_slide', 'mode_attract_started': 'attract_started test advance_time_and_run .5 assert_slide_on_top attract_started assert_text_on_top_slide "ATTRACT MODE" start_game post show_slide_event advance_time_and_run .5 assert_slide_active welcome_slide'}
2024-06-17 20:36:12,689 : root : Stopping child threads... (1 remaining)
2024-06-17 20:36:13,693 : root : All child threads stopped.
